{"/Users/selamanse/Documents/repositories/CRM/terraform-azure-modules/terraform-azure-datadog-log-forwarder/azure-datadog-log-forwarder/src/log-forwarder.js": {"path":"/Users/selamanse/Documents/repositories/CRM/terraform-azure-modules/terraform-azure-datadog-log-forwarder/azure-datadog-log-forwarder/src/log-forwarder.js","statementMap":{"0":{"start":{"line":6,"column":12},"end":{"line":6,"column":28}},"1":{"start":{"line":8,"column":15},"end":{"line":8,"column":23}},"2":{"start":{"line":9,"column":21},"end":{"line":9,"column":35}},"3":{"start":{"line":10,"column":20},"end":{"line":10,"column":33}},"4":{"start":{"line":11,"column":19},"end":{"line":11,"column":31}},"5":{"start":{"line":12,"column":21},"end":{"line":12,"column":35}},"6":{"start":{"line":13,"column":20},"end":{"line":13,"column":33}},"7":{"start":{"line":14,"column":26},"end":{"line":14,"column":45}},"8":{"start":{"line":15,"column":16},"end":{"line":15,"column":25}},"9":{"start":{"line":17,"column":18},"end":{"line":17,"column":24}},"10":{"start":{"line":18,"column":20},"end":{"line":18,"column":28}},"11":{"start":{"line":20,"column":19},"end":{"line":20,"column":64}},"12":{"start":{"line":21,"column":16},"end":{"line":21,"column":54}},"13":{"start":{"line":22,"column":15},"end":{"line":22,"column":66}},"14":{"start":{"line":23,"column":16},"end":{"line":23,"column":41}},"15":{"start":{"line":24,"column":19},"end":{"line":24,"column":52}},"16":{"start":{"line":25,"column":18},"end":{"line":25,"column":50}},"17":{"start":{"line":26,"column":27},"end":{"line":26,"column":68}},"18":{"start":{"line":33,"column":30},"end":{"line":42,"column":1}},"19":{"start":{"line":46,"column":4},"end":{"line":46,"column":21}},"20":{"start":{"line":47,"column":4},"end":{"line":47,"column":35}},"21":{"start":{"line":48,"column":4},"end":{"line":48,"column":39}},"22":{"start":{"line":54,"column":16},"end":{"line":54,"column":18}},"23":{"start":{"line":55,"column":4},"end":{"line":65,"column":5}},"24":{"start":{"line":56,"column":6},"end":{"line":64,"column":7}},"25":{"start":{"line":57,"column":8},"end":{"line":59,"column":10}},"26":{"start":{"line":61,"column":8},"end":{"line":63,"column":10}},"27":{"start":{"line":66,"column":4},"end":{"line":66,"column":23}},"28":{"start":{"line":70,"column":4},"end":{"line":72,"column":5}},"29":{"start":{"line":71,"column":6},"end":{"line":71,"column":20}},"30":{"start":{"line":73,"column":4},"end":{"line":75,"column":7}},"31":{"start":{"line":74,"column":6},"end":{"line":74,"column":61}},"32":{"start":{"line":76,"column":4},"end":{"line":76,"column":18}},"33":{"start":{"line":82,"column":4},"end":{"line":82,"column":27}},"34":{"start":{"line":83,"column":4},"end":{"line":93,"column":6}},"35":{"start":{"line":94,"column":4},"end":{"line":94,"column":70}},"36":{"start":{"line":98,"column":4},"end":{"line":102,"column":5}},"37":{"start":{"line":99,"column":6},"end":{"line":99,"column":45}},"38":{"start":{"line":101,"column":6},"end":{"line":101,"column":47}},"39":{"start":{"line":103,"column":4},"end":{"line":103,"column":38}},"40":{"start":{"line":107,"column":4},"end":{"line":124,"column":7}},"41":{"start":{"line":108,"column":6},"end":{"line":123,"column":11}},"42":{"start":{"line":110,"column":10},"end":{"line":110,"column":20}},"43":{"start":{"line":113,"column":10},"end":{"line":122,"column":19}},"44":{"start":{"line":114,"column":12},"end":{"line":121,"column":17}},"45":{"start":{"line":117,"column":16},"end":{"line":119,"column":18}},"46":{"start":{"line":120,"column":16},"end":{"line":120,"column":25}},"47":{"start":{"line":128,"column":4},"end":{"line":142,"column":7}},"48":{"start":{"line":129,"column":18},"end":{"line":139,"column":10}},"49":{"start":{"line":131,"column":10},"end":{"line":135,"column":11}},"50":{"start":{"line":132,"column":12},"end":{"line":132,"column":61}},"51":{"start":{"line":134,"column":12},"end":{"line":134,"column":22}},"52":{"start":{"line":138,"column":10},"end":{"line":138,"column":24}},"53":{"start":{"line":140,"column":6},"end":{"line":140,"column":61}},"54":{"start":{"line":141,"column":6},"end":{"line":141,"column":16}},"55":{"start":{"line":146,"column":19},"end":{"line":146,"column":21}},"56":{"start":{"line":147,"column":19},"end":{"line":147,"column":42}},"57":{"start":{"line":148,"column":4},"end":{"line":177,"column":5}},"58":{"start":{"line":150,"column":8},"end":{"line":150,"column":64}},"59":{"start":{"line":151,"column":8},"end":{"line":151,"column":14}},"60":{"start":{"line":153,"column":8},"end":{"line":153,"column":32}},"61":{"start":{"line":154,"column":8},"end":{"line":154,"column":62}},"62":{"start":{"line":155,"column":8},"end":{"line":155,"column":14}},"63":{"start":{"line":157,"column":8},"end":{"line":157,"column":62}},"64":{"start":{"line":158,"column":8},"end":{"line":158,"column":14}},"65":{"start":{"line":160,"column":8},"end":{"line":162,"column":10}},"66":{"start":{"line":161,"column":10},"end":{"line":161,"column":64}},"67":{"start":{"line":163,"column":8},"end":{"line":163,"column":14}},"68":{"start":{"line":165,"column":8},"end":{"line":165,"column":62}},"69":{"start":{"line":166,"column":8},"end":{"line":166,"column":14}},"70":{"start":{"line":168,"column":8},"end":{"line":168,"column":53}},"71":{"start":{"line":169,"column":8},"end":{"line":169,"column":14}},"72":{"start":{"line":171,"column":8},"end":{"line":171,"column":69}},"73":{"start":{"line":172,"column":8},"end":{"line":172,"column":14}},"74":{"start":{"line":175,"column":8},"end":{"line":175,"column":56}},"75":{"start":{"line":176,"column":8},"end":{"line":176,"column":14}},"76":{"start":{"line":178,"column":4},"end":{"line":178,"column":20}},"77":{"start":{"line":182,"column":19},"end":{"line":182,"column":21}},"78":{"start":{"line":183,"column":4},"end":{"line":210,"column":7}},"79":{"start":{"line":184,"column":6},"end":{"line":192,"column":7}},"80":{"start":{"line":185,"column":8},"end":{"line":191,"column":9}},"81":{"start":{"line":186,"column":10},"end":{"line":186,"column":40}},"82":{"start":{"line":188,"column":10},"end":{"line":188,"column":76}},"83":{"start":{"line":189,"column":10},"end":{"line":189,"column":69}},"84":{"start":{"line":190,"column":10},"end":{"line":190,"column":17}},"85":{"start":{"line":194,"column":6},"end":{"line":202,"column":7}},"86":{"start":{"line":195,"column":8},"end":{"line":201,"column":9}},"87":{"start":{"line":196,"column":10},"end":{"line":196,"column":51}},"88":{"start":{"line":198,"column":10},"end":{"line":198,"column":76}},"89":{"start":{"line":199,"column":10},"end":{"line":199,"column":80}},"90":{"start":{"line":200,"column":10},"end":{"line":200,"column":17}},"91":{"start":{"line":203,"column":6},"end":{"line":209,"column":7}},"92":{"start":{"line":204,"column":8},"end":{"line":206,"column":10}},"93":{"start":{"line":205,"column":10},"end":{"line":205,"column":66}},"94":{"start":{"line":208,"column":8},"end":{"line":208,"column":50}},"95":{"start":{"line":211,"column":4},"end":{"line":211,"column":20}},"96":{"start":{"line":215,"column":4},"end":{"line":220,"column":5}},"97":{"start":{"line":216,"column":6},"end":{"line":218,"column":7}},"98":{"start":{"line":217,"column":8},"end":{"line":217,"column":27}},"99":{"start":{"line":219,"column":6},"end":{"line":219,"column":20}},"100":{"start":{"line":221,"column":4},"end":{"line":223,"column":5}},"101":{"start":{"line":222,"column":6},"end":{"line":222,"column":25}},"102":{"start":{"line":224,"column":4},"end":{"line":226,"column":5}},"103":{"start":{"line":225,"column":6},"end":{"line":225,"column":21}},"104":{"start":{"line":227,"column":4},"end":{"line":229,"column":5}},"105":{"start":{"line":228,"column":6},"end":{"line":228,"column":26}},"106":{"start":{"line":230,"column":4},"end":{"line":232,"column":5}},"107":{"start":{"line":231,"column":6},"end":{"line":231,"column":24}},"108":{"start":{"line":233,"column":4},"end":{"line":239,"column":5}},"109":{"start":{"line":234,"column":6},"end":{"line":238,"column":7}},"110":{"start":{"line":235,"column":8},"end":{"line":235,"column":33}},"111":{"start":{"line":237,"column":8},"end":{"line":237,"column":28}},"112":{"start":{"line":240,"column":4},"end":{"line":240,"column":19}},"113":{"start":{"line":244,"column":4},"end":{"line":249,"column":5}},"114":{"start":{"line":245,"column":6},"end":{"line":245,"column":25}},"115":{"start":{"line":246,"column":6},"end":{"line":246,"column":18}},"116":{"start":{"line":248,"column":6},"end":{"line":248,"column":19}},"117":{"start":{"line":253,"column":19},"end":{"line":253,"column":59}},"118":{"start":{"line":254,"column":4},"end":{"line":254,"column":54}},"119":{"start":{"line":255,"column":4},"end":{"line":255,"column":52}},"120":{"start":{"line":256,"column":4},"end":{"line":256,"column":35}},"121":{"start":{"line":257,"column":4},"end":{"line":263,"column":17}},"122":{"start":{"line":264,"column":4},"end":{"line":264,"column":18}},"123":{"start":{"line":268,"column":18},"end":{"line":268,"column":40}},"124":{"start":{"line":269,"column":4},"end":{"line":269,"column":42}},"125":{"start":{"line":274,"column":21},"end":{"line":274,"column":63}},"126":{"start":{"line":275,"column":4},"end":{"line":277,"column":5}},"127":{"start":{"line":276,"column":6},"end":{"line":276,"column":39}},"128":{"start":{"line":278,"column":4},"end":{"line":280,"column":5}},"129":{"start":{"line":279,"column":6},"end":{"line":279,"column":23}},"130":{"start":{"line":281,"column":4},"end":{"line":281,"column":22}},"131":{"start":{"line":286,"column":4},"end":{"line":286,"column":51}},"132":{"start":{"line":290,"column":4},"end":{"line":290,"column":54}},"133":{"start":{"line":294,"column":19},"end":{"line":294,"column":43}},"134":{"start":{"line":295,"column":4},"end":{"line":300,"column":5}},"135":{"start":{"line":299,"column":6},"end":{"line":299,"column":22}},"136":{"start":{"line":302,"column":21},"end":{"line":302,"column":55}},"137":{"start":{"line":304,"column":4},"end":{"line":335,"column":5}},"138":{"start":{"line":305,"column":6},"end":{"line":311,"column":7}},"139":{"start":{"line":306,"column":8},"end":{"line":306,"column":63}},"140":{"start":{"line":307,"column":8},"end":{"line":310,"column":9}},"141":{"start":{"line":308,"column":10},"end":{"line":308,"column":49}},"142":{"start":{"line":309,"column":10},"end":{"line":309,"column":26}},"143":{"start":{"line":312,"column":6},"end":{"line":323,"column":7}},"144":{"start":{"line":313,"column":8},"end":{"line":322,"column":9}},"145":{"start":{"line":315,"column":10},"end":{"line":315,"column":65}},"146":{"start":{"line":317,"column":10},"end":{"line":317,"column":64}},"147":{"start":{"line":318,"column":10},"end":{"line":321,"column":11}},"148":{"start":{"line":319,"column":12},"end":{"line":319,"column":52}},"149":{"start":{"line":320,"column":12},"end":{"line":320,"column":28}},"150":{"start":{"line":324,"column":6},"end":{"line":326,"column":7}},"151":{"start":{"line":325,"column":8},"end":{"line":325,"column":63}},"152":{"start":{"line":327,"column":11},"end":{"line":335,"column":5}},"153":{"start":{"line":328,"column":6},"end":{"line":334,"column":7}},"154":{"start":{"line":329,"column":8},"end":{"line":329,"column":54}},"155":{"start":{"line":330,"column":8},"end":{"line":333,"column":10}},"156":{"start":{"line":336,"column":4},"end":{"line":336,"column":20}},"157":{"start":{"line":340,"column":0},"end":{"line":350,"column":2}},"158":{"start":{"line":341,"column":2},"end":{"line":346,"column":3}},"159":{"start":{"line":342,"column":4},"end":{"line":344,"column":6}},"160":{"start":{"line":345,"column":4},"end":{"line":345,"column":11}},"161":{"start":{"line":347,"column":17},"end":{"line":347,"column":79}},"162":{"start":{"line":349,"column":2},"end":{"line":349,"column":61}},"163":{"start":{"line":349,"column":41},"end":{"line":349,"column":58}},"164":{"start":{"line":349,"column":56},"end":{"line":349,"column":57}},"165":{"start":{"line":352,"column":0},"end":{"line":366,"column":2}}},"fnMap":{"0":{"name":"(anonymous_0)","decl":{"start":{"line":45,"column":2},"end":{"line":45,"column":3}},"loc":{"start":{"line":45,"column":42},"end":{"line":49,"column":3}},"line":45},"1":{"name":"(anonymous_1)","decl":{"start":{"line":53,"column":2},"end":{"line":53,"column":3}},"loc":{"start":{"line":53,"column":32},"end":{"line":67,"column":3}},"line":53},"2":{"name":"(anonymous_2)","decl":{"start":{"line":69,"column":2},"end":{"line":69,"column":3}},"loc":{"start":{"line":69,"column":16},"end":{"line":77,"column":3}},"line":69},"3":{"name":"(anonymous_3)","decl":{"start":{"line":73,"column":23},"end":{"line":73,"column":24}},"loc":{"start":{"line":73,"column":33},"end":{"line":75,"column":5}},"line":73},"4":{"name":"(anonymous_4)","decl":{"start":{"line":81,"column":2},"end":{"line":81,"column":3}},"loc":{"start":{"line":81,"column":23},"end":{"line":95,"column":3}},"line":81},"5":{"name":"(anonymous_5)","decl":{"start":{"line":97,"column":2},"end":{"line":97,"column":3}},"loc":{"start":{"line":97,"column":40},"end":{"line":104,"column":3}},"line":97},"6":{"name":"(anonymous_6)","decl":{"start":{"line":106,"column":2},"end":{"line":106,"column":3}},"loc":{"start":{"line":106,"column":24},"end":{"line":125,"column":3}},"line":106},"7":{"name":"(anonymous_7)","decl":{"start":{"line":107,"column":23},"end":{"line":107,"column":24}},"loc":{"start":{"line":107,"column":44},"end":{"line":124,"column":5}},"line":107},"8":{"name":"(anonymous_8)","decl":{"start":{"line":109,"column":14},"end":{"line":109,"column":15}},"loc":{"start":{"line":109,"column":23},"end":{"line":111,"column":9}},"line":109},"9":{"name":"(anonymous_9)","decl":{"start":{"line":112,"column":15},"end":{"line":112,"column":16}},"loc":{"start":{"line":112,"column":24},"end":{"line":123,"column":9}},"line":112},"10":{"name":"(anonymous_10)","decl":{"start":{"line":113,"column":21},"end":{"line":113,"column":22}},"loc":{"start":{"line":113,"column":27},"end":{"line":122,"column":11}},"line":113},"11":{"name":"(anonymous_11)","decl":{"start":{"line":116,"column":21},"end":{"line":116,"column":22}},"loc":{"start":{"line":116,"column":30},"end":{"line":121,"column":15}},"line":116},"12":{"name":"(anonymous_12)","decl":{"start":{"line":127,"column":2},"end":{"line":127,"column":3}},"loc":{"start":{"line":127,"column":15},"end":{"line":143,"column":3}},"line":127},"13":{"name":"(anonymous_13)","decl":{"start":{"line":128,"column":23},"end":{"line":128,"column":24}},"loc":{"start":{"line":128,"column":44},"end":{"line":142,"column":5}},"line":128},"14":{"name":"(anonymous_14)","decl":{"start":{"line":130,"column":31},"end":{"line":130,"column":32}},"loc":{"start":{"line":130,"column":41},"end":{"line":136,"column":9}},"line":130},"15":{"name":"(anonymous_15)","decl":{"start":{"line":137,"column":21},"end":{"line":137,"column":22}},"loc":{"start":{"line":137,"column":32},"end":{"line":139,"column":9}},"line":137},"16":{"name":"(anonymous_16)","decl":{"start":{"line":145,"column":2},"end":{"line":145,"column":3}},"loc":{"start":{"line":145,"column":19},"end":{"line":179,"column":3}},"line":145},"17":{"name":"(anonymous_17)","decl":{"start":{"line":160,"column":21},"end":{"line":160,"column":22}},"loc":{"start":{"line":161,"column":10},"end":{"line":161,"column":64}},"line":161},"18":{"name":"(anonymous_18)","decl":{"start":{"line":181,"column":2},"end":{"line":181,"column":3}},"loc":{"start":{"line":181,"column":38},"end":{"line":212,"column":3}},"line":181},"19":{"name":"(anonymous_19)","decl":{"start":{"line":183,"column":17},"end":{"line":183,"column":18}},"loc":{"start":{"line":183,"column":30},"end":{"line":210,"column":5}},"line":183},"20":{"name":"(anonymous_20)","decl":{"start":{"line":204,"column":32},"end":{"line":204,"column":33}},"loc":{"start":{"line":205,"column":10},"end":{"line":205,"column":66}},"line":205},"21":{"name":"(anonymous_21)","decl":{"start":{"line":214,"column":2},"end":{"line":214,"column":3}},"loc":{"start":{"line":214,"column":21},"end":{"line":241,"column":3}},"line":214},"22":{"name":"(anonymous_22)","decl":{"start":{"line":243,"column":2},"end":{"line":243,"column":3}},"loc":{"start":{"line":243,"column":23},"end":{"line":250,"column":3}},"line":243},"23":{"name":"(anonymous_23)","decl":{"start":{"line":252,"column":2},"end":{"line":252,"column":3}},"loc":{"start":{"line":252,"column":27},"end":{"line":265,"column":3}},"line":252},"24":{"name":"(anonymous_24)","decl":{"start":{"line":267,"column":2},"end":{"line":267,"column":3}},"loc":{"start":{"line":267,"column":32},"end":{"line":270,"column":3}},"line":267},"25":{"name":"(anonymous_25)","decl":{"start":{"line":272,"column":2},"end":{"line":272,"column":3}},"loc":{"start":{"line":272,"column":32},"end":{"line":282,"column":3}},"line":272},"26":{"name":"(anonymous_26)","decl":{"start":{"line":284,"column":2},"end":{"line":284,"column":3}},"loc":{"start":{"line":284,"column":27},"end":{"line":287,"column":3}},"line":284},"27":{"name":"(anonymous_27)","decl":{"start":{"line":289,"column":2},"end":{"line":289,"column":3}},"loc":{"start":{"line":289,"column":31},"end":{"line":291,"column":3}},"line":289},"28":{"name":"(anonymous_28)","decl":{"start":{"line":293,"column":2},"end":{"line":293,"column":3}},"loc":{"start":{"line":293,"column":38},"end":{"line":337,"column":3}},"line":293},"29":{"name":"(anonymous_29)","decl":{"start":{"line":340,"column":17},"end":{"line":340,"column":18}},"loc":{"start":{"line":340,"column":60},"end":{"line":350,"column":1}},"line":340},"30":{"name":"(anonymous_30)","decl":{"start":{"line":349,"column":34},"end":{"line":349,"column":35}},"loc":{"start":{"line":349,"column":41},"end":{"line":349,"column":58}},"line":349},"31":{"name":"(anonymous_31)","decl":{"start":{"line":349,"column":49},"end":{"line":349,"column":50}},"loc":{"start":{"line":349,"column":56},"end":{"line":349,"column":57}},"line":349}},"branchMap":{"0":{"loc":{"start":{"line":20,"column":19},"end":{"line":20,"column":64}},"type":"binary-expr","locations":[{"start":{"line":20,"column":19},"end":{"line":20,"column":41}},{"start":{"line":20,"column":45},"end":{"line":20,"column":64}}],"line":20},"1":{"loc":{"start":{"line":21,"column":16},"end":{"line":21,"column":54}},"type":"binary-expr","locations":[{"start":{"line":21,"column":16},"end":{"line":21,"column":35}},{"start":{"line":21,"column":39},"end":{"line":21,"column":54}}],"line":21},"2":{"loc":{"start":{"line":22,"column":15},"end":{"line":22,"column":66}},"type":"binary-expr","locations":[{"start":{"line":22,"column":15},"end":{"line":22,"column":33}},{"start":{"line":22,"column":37},"end":{"line":22,"column":66}}],"line":22},"3":{"loc":{"start":{"line":23,"column":16},"end":{"line":23,"column":41}},"type":"binary-expr","locations":[{"start":{"line":23,"column":16},"end":{"line":23,"column":35}},{"start":{"line":23,"column":39},"end":{"line":23,"column":41}}],"line":23},"4":{"loc":{"start":{"line":24,"column":19},"end":{"line":24,"column":52}},"type":"binary-expr","locations":[{"start":{"line":24,"column":19},"end":{"line":24,"column":41}},{"start":{"line":24,"column":45},"end":{"line":24,"column":52}}],"line":24},"5":{"loc":{"start":{"line":25,"column":18},"end":{"line":25,"column":50}},"type":"binary-expr","locations":[{"start":{"line":25,"column":18},"end":{"line":25,"column":39}},{"start":{"line":25,"column":43},"end":{"line":25,"column":50}}],"line":25},"6":{"loc":{"start":{"line":26,"column":27},"end":{"line":26,"column":68}},"type":"binary-expr","locations":[{"start":{"line":26,"column":27},"end":{"line":26,"column":57}},{"start":{"line":26,"column":61},"end":{"line":26,"column":68}}],"line":26},"7":{"loc":{"start":{"line":70,"column":4},"end":{"line":72,"column":5}},"type":"if","locations":[{"start":{"line":70,"column":4},"end":{"line":72,"column":5}},{"start":{"line":70,"column":4},"end":{"line":72,"column":5}}],"line":70},"8":{"loc":{"start":{"line":98,"column":4},"end":{"line":102,"column":5}},"type":"if","locations":[{"start":{"line":98,"column":4},"end":{"line":102,"column":5}},{"start":{"line":98,"column":4},"end":{"line":102,"column":5}}],"line":98},"9":{"loc":{"start":{"line":131,"column":10},"end":{"line":135,"column":11}},"type":"if","locations":[{"start":{"line":131,"column":10},"end":{"line":135,"column":11}},{"start":{"line":131,"column":10},"end":{"line":135,"column":11}}],"line":131},"10":{"loc":{"start":{"line":131,"column":14},"end":{"line":131,"column":60}},"type":"binary-expr","locations":[{"start":{"line":131,"column":14},"end":{"line":131,"column":35}},{"start":{"line":131,"column":39},"end":{"line":131,"column":60}}],"line":131},"11":{"loc":{"start":{"line":148,"column":4},"end":{"line":177,"column":5}},"type":"switch","locations":[{"start":{"line":149,"column":6},"end":{"line":151,"column":14}},{"start":{"line":152,"column":6},"end":{"line":155,"column":14}},{"start":{"line":156,"column":6},"end":{"line":158,"column":14}},{"start":{"line":159,"column":6},"end":{"line":163,"column":14}},{"start":{"line":164,"column":6},"end":{"line":166,"column":14}},{"start":{"line":167,"column":6},"end":{"line":169,"column":14}},{"start":{"line":170,"column":6},"end":{"line":172,"column":14}},{"start":{"line":173,"column":6},"end":{"line":173,"column":19}},{"start":{"line":174,"column":6},"end":{"line":176,"column":14}}],"line":148},"12":{"loc":{"start":{"line":184,"column":6},"end":{"line":192,"column":7}},"type":"if","locations":[{"start":{"line":184,"column":6},"end":{"line":192,"column":7}},{"start":{"line":184,"column":6},"end":{"line":192,"column":7}}],"line":184},"13":{"loc":{"start":{"line":194,"column":6},"end":{"line":202,"column":7}},"type":"if","locations":[{"start":{"line":194,"column":6},"end":{"line":202,"column":7}},{"start":{"line":194,"column":6},"end":{"line":202,"column":7}}],"line":194},"14":{"loc":{"start":{"line":203,"column":6},"end":{"line":209,"column":7}},"type":"if","locations":[{"start":{"line":203,"column":6},"end":{"line":209,"column":7}},{"start":{"line":203,"column":6},"end":{"line":209,"column":7}}],"line":203},"15":{"loc":{"start":{"line":215,"column":4},"end":{"line":220,"column":5}},"type":"if","locations":[{"start":{"line":215,"column":4},"end":{"line":220,"column":5}},{"start":{"line":215,"column":4},"end":{"line":220,"column":5}}],"line":215},"16":{"loc":{"start":{"line":216,"column":6},"end":{"line":218,"column":7}},"type":"if","locations":[{"start":{"line":216,"column":6},"end":{"line":218,"column":7}},{"start":{"line":216,"column":6},"end":{"line":218,"column":7}}],"line":216},"17":{"loc":{"start":{"line":221,"column":4},"end":{"line":223,"column":5}},"type":"if","locations":[{"start":{"line":221,"column":4},"end":{"line":223,"column":5}},{"start":{"line":221,"column":4},"end":{"line":223,"column":5}}],"line":221},"18":{"loc":{"start":{"line":221,"column":8},"end":{"line":221,"column":73}},"type":"binary-expr","locations":[{"start":{"line":221,"column":8},"end":{"line":221,"column":28}},{"start":{"line":221,"column":32},"end":{"line":221,"column":56}},{"start":{"line":221,"column":60},"end":{"line":221,"column":73}}],"line":221},"19":{"loc":{"start":{"line":224,"column":4},"end":{"line":226,"column":5}},"type":"if","locations":[{"start":{"line":224,"column":4},"end":{"line":226,"column":5}},{"start":{"line":224,"column":4},"end":{"line":226,"column":5}}],"line":224},"20":{"loc":{"start":{"line":227,"column":4},"end":{"line":229,"column":5}},"type":"if","locations":[{"start":{"line":227,"column":4},"end":{"line":229,"column":5}},{"start":{"line":227,"column":4},"end":{"line":229,"column":5}}],"line":227},"21":{"loc":{"start":{"line":230,"column":4},"end":{"line":232,"column":5}},"type":"if","locations":[{"start":{"line":230,"column":4},"end":{"line":232,"column":5}},{"start":{"line":230,"column":4},"end":{"line":232,"column":5}}],"line":230},"22":{"loc":{"start":{"line":233,"column":4},"end":{"line":239,"column":5}},"type":"if","locations":[{"start":{"line":233,"column":4},"end":{"line":239,"column":5}},{"start":{"line":233,"column":4},"end":{"line":239,"column":5}}],"line":233},"23":{"loc":{"start":{"line":234,"column":6},"end":{"line":238,"column":7}},"type":"if","locations":[{"start":{"line":234,"column":6},"end":{"line":238,"column":7}},{"start":{"line":234,"column":6},"end":{"line":238,"column":7}}],"line":234},"24":{"loc":{"start":{"line":254,"column":25},"end":{"line":254,"column":53}},"type":"binary-expr","locations":[{"start":{"line":254,"column":25},"end":{"line":254,"column":40}},{"start":{"line":254,"column":44},"end":{"line":254,"column":53}}],"line":254},"25":{"loc":{"start":{"line":275,"column":4},"end":{"line":277,"column":5}},"type":"if","locations":[{"start":{"line":275,"column":4},"end":{"line":277,"column":5}},{"start":{"line":275,"column":4},"end":{"line":277,"column":5}}],"line":275},"26":{"loc":{"start":{"line":278,"column":4},"end":{"line":280,"column":5}},"type":"if","locations":[{"start":{"line":278,"column":4},"end":{"line":280,"column":5}},{"start":{"line":278,"column":4},"end":{"line":280,"column":5}}],"line":278},"27":{"loc":{"start":{"line":295,"column":4},"end":{"line":300,"column":5}},"type":"if","locations":[{"start":{"line":295,"column":4},"end":{"line":300,"column":5}},{"start":{"line":295,"column":4},"end":{"line":300,"column":5}}],"line":295},"28":{"loc":{"start":{"line":296,"column":6},"end":{"line":297,"column":43}},"type":"binary-expr","locations":[{"start":{"line":296,"column":6},"end":{"line":296,"column":37}},{"start":{"line":297,"column":6},"end":{"line":297,"column":43}}],"line":296},"29":{"loc":{"start":{"line":304,"column":4},"end":{"line":335,"column":5}},"type":"if","locations":[{"start":{"line":304,"column":4},"end":{"line":335,"column":5}},{"start":{"line":304,"column":4},"end":{"line":335,"column":5}}],"line":304},"30":{"loc":{"start":{"line":305,"column":6},"end":{"line":311,"column":7}},"type":"if","locations":[{"start":{"line":305,"column":6},"end":{"line":311,"column":7}},{"start":{"line":305,"column":6},"end":{"line":311,"column":7}}],"line":305},"31":{"loc":{"start":{"line":307,"column":8},"end":{"line":310,"column":9}},"type":"if","locations":[{"start":{"line":307,"column":8},"end":{"line":310,"column":9}},{"start":{"line":307,"column":8},"end":{"line":310,"column":9}}],"line":307},"32":{"loc":{"start":{"line":312,"column":6},"end":{"line":323,"column":7}},"type":"if","locations":[{"start":{"line":312,"column":6},"end":{"line":323,"column":7}},{"start":{"line":312,"column":6},"end":{"line":323,"column":7}}],"line":312},"33":{"loc":{"start":{"line":313,"column":8},"end":{"line":322,"column":9}},"type":"if","locations":[{"start":{"line":313,"column":8},"end":{"line":322,"column":9}},{"start":{"line":313,"column":8},"end":{"line":322,"column":9}}],"line":313},"34":{"loc":{"start":{"line":313,"column":12},"end":{"line":313,"column":73}},"type":"binary-expr","locations":[{"start":{"line":313,"column":12},"end":{"line":313,"column":41}},{"start":{"line":313,"column":45},"end":{"line":313,"column":73}}],"line":313},"35":{"loc":{"start":{"line":318,"column":10},"end":{"line":321,"column":11}},"type":"if","locations":[{"start":{"line":318,"column":10},"end":{"line":321,"column":11}},{"start":{"line":318,"column":10},"end":{"line":321,"column":11}}],"line":318},"36":{"loc":{"start":{"line":324,"column":6},"end":{"line":326,"column":7}},"type":"if","locations":[{"start":{"line":324,"column":6},"end":{"line":326,"column":7}},{"start":{"line":324,"column":6},"end":{"line":326,"column":7}}],"line":324},"37":{"loc":{"start":{"line":324,"column":10},"end":{"line":324,"column":63}},"type":"binary-expr","locations":[{"start":{"line":324,"column":10},"end":{"line":324,"column":31}},{"start":{"line":324,"column":35},"end":{"line":324,"column":63}}],"line":324},"38":{"loc":{"start":{"line":327,"column":11},"end":{"line":335,"column":5}},"type":"if","locations":[{"start":{"line":327,"column":11},"end":{"line":335,"column":5}},{"start":{"line":327,"column":11},"end":{"line":335,"column":5}}],"line":327},"39":{"loc":{"start":{"line":328,"column":6},"end":{"line":334,"column":7}},"type":"if","locations":[{"start":{"line":328,"column":6},"end":{"line":334,"column":7}},{"start":{"line":328,"column":6},"end":{"line":334,"column":7}}],"line":328},"40":{"loc":{"start":{"line":328,"column":10},"end":{"line":328,"column":48}},"type":"binary-expr","locations":[{"start":{"line":328,"column":10},"end":{"line":328,"column":31}},{"start":{"line":328,"column":35},"end":{"line":328,"column":48}}],"line":328},"41":{"loc":{"start":{"line":341,"column":2},"end":{"line":346,"column":3}},"type":"if","locations":[{"start":{"line":341,"column":2},"end":{"line":346,"column":3}},{"start":{"line":341,"column":2},"end":{"line":346,"column":3}}],"line":341},"42":{"loc":{"start":{"line":341,"column":6},"end":{"line":341,"column":55}},"type":"binary-expr","locations":[{"start":{"line":341,"column":6},"end":{"line":341,"column":17}},{"start":{"line":341,"column":21},"end":{"line":341,"column":55}}],"line":341}},"s":{"0":1,"1":1,"2":1,"3":1,"4":1,"5":1,"6":1,"7":1,"8":1,"9":1,"10":1,"11":1,"12":1,"13":1,"14":1,"15":1,"16":1,"17":1,"18":1,"19":0,"20":0,"21":0,"22":2,"23":2,"24":0,"25":0,"26":0,"27":2,"28":0,"29":0,"30":0,"31":0,"32":0,"33":2,"34":2,"35":2,"36":0,"37":0,"38":0,"39":0,"40":0,"41":0,"42":0,"43":0,"44":0,"45":0,"46":0,"47":0,"48":0,"49":0,"50":0,"51":0,"52":0,"53":0,"54":0,"55":0,"56":0,"57":0,"58":0,"59":0,"60":0,"61":0,"62":0,"63":0,"64":0,"65":0,"66":0,"67":0,"68":0,"69":0,"70":0,"71":0,"72":0,"73":0,"74":0,"75":0,"76":0,"77":0,"78":0,"79":0,"80":0,"81":0,"82":0,"83":0,"84":0,"85":0,"86":0,"87":0,"88":0,"89":0,"90":0,"91":0,"92":0,"93":0,"94":0,"95":0,"96":0,"97":0,"98":0,"99":0,"100":0,"101":0,"102":0,"103":0,"104":0,"105":0,"106":0,"107":0,"108":0,"109":0,"110":0,"111":0,"112":0,"113":0,"114":0,"115":0,"116":0,"117":0,"118":0,"119":0,"120":0,"121":0,"122":0,"123":0,"124":0,"125":0,"126":0,"127":0,"128":0,"129":0,"130":0,"131":2,"132":0,"133":0,"134":0,"135":0,"136":0,"137":0,"138":0,"139":0,"140":0,"141":0,"142":0,"143":0,"144":0,"145":0,"146":0,"147":0,"148":0,"149":0,"150":0,"151":0,"152":0,"153":0,"154":0,"155":0,"156":0,"157":1,"158":0,"159":0,"160":0,"161":0,"162":0,"163":0,"164":0,"165":1},"f":{"0":0,"1":2,"2":0,"3":0,"4":2,"5":0,"6":0,"7":0,"8":0,"9":0,"10":0,"11":0,"12":0,"13":0,"14":0,"15":0,"16":0,"17":0,"18":0,"19":0,"20":0,"21":0,"22":0,"23":0,"24":0,"25":0,"26":2,"27":0,"28":0,"29":0,"30":0,"31":0},"b":{"0":[1,1],"1":[1,1],"2":[1,1],"3":[1,1],"4":[1,1],"5":[1,1],"6":[1,1],"7":[0,0],"8":[0,0],"9":[0,0],"10":[0,0],"11":[0,0,0,0,0,0,0,0,0],"12":[0,0],"13":[0,0],"14":[0,0],"15":[0,0],"16":[0,0],"17":[0,0],"18":[0,0,0],"19":[0,0],"20":[0,0],"21":[0,0],"22":[0,0],"23":[0,0],"24":[0,0],"25":[0,0],"26":[0,0],"27":[0,0],"28":[0,0],"29":[0,0],"30":[0,0],"31":[0,0],"32":[0,0],"33":[0,0],"34":[0,0],"35":[0,0],"36":[0,0],"37":[0,0],"38":[0,0],"39":[0,0],"40":[0,0],"41":[0,0],"42":[0,0]},"_coverageSchema":"1a1c01bbd47fc00a2c39e90264f33305004495a9","hash":"5a8da47252bd189145f3eb6805da8f1c99bd7fb0"}
}
