TN:
SF:src/log-forwarder.js
FN:45,(anonymous_0)
FN:53,(anonymous_1)
FN:69,(anonymous_2)
FN:73,(anonymous_3)
FN:81,(anonymous_4)
FN:97,(anonymous_5)
FN:106,(anonymous_6)
FN:107,(anonymous_7)
FN:109,(anonymous_8)
FN:112,(anonymous_9)
FN:113,(anonymous_10)
FN:116,(anonymous_11)
FN:127,(anonymous_12)
FN:128,(anonymous_13)
FN:130,(anonymous_14)
FN:137,(anonymous_15)
FN:145,(anonymous_16)
FN:160,(anonymous_17)
FN:181,(anonymous_18)
FN:183,(anonymous_19)
FN:204,(anonymous_20)
FN:214,(anonymous_21)
FN:243,(anonymous_22)
FN:252,(anonymous_23)
FN:267,(anonymous_24)
FN:272,(anonymous_25)
FN:284,(anonymous_26)
FN:289,(anonymous_27)
FN:293,(anonymous_28)
FN:340,(anonymous_29)
FN:349,(anonymous_30)
FN:349,(anonymous_31)
FNF:32
FNH:3
FNDA:0,(anonymous_0)
FNDA:2,(anonymous_1)
FNDA:0,(anonymous_2)
FNDA:0,(anonymous_3)
FNDA:2,(anonymous_4)
FNDA:0,(anonymous_5)
FNDA:0,(anonymous_6)
FNDA:0,(anonymous_7)
FNDA:0,(anonymous_8)
FNDA:0,(anonymous_9)
FNDA:0,(anonymous_10)
FNDA:0,(anonymous_11)
FNDA:0,(anonymous_12)
FNDA:0,(anonymous_13)
FNDA:0,(anonymous_14)
FNDA:0,(anonymous_15)
FNDA:0,(anonymous_16)
FNDA:0,(anonymous_17)
FNDA:0,(anonymous_18)
FNDA:0,(anonymous_19)
FNDA:0,(anonymous_20)
FNDA:0,(anonymous_21)
FNDA:0,(anonymous_22)
FNDA:0,(anonymous_23)
FNDA:0,(anonymous_24)
FNDA:0,(anonymous_25)
FNDA:2,(anonymous_26)
FNDA:0,(anonymous_27)
FNDA:0,(anonymous_28)
FNDA:0,(anonymous_29)
FNDA:0,(anonymous_30)
FNDA:0,(anonymous_31)
DA:6,1
DA:8,1
DA:9,1
DA:10,1
DA:11,1
DA:12,1
DA:13,1
DA:14,1
DA:15,1
DA:17,1
DA:18,1
DA:20,1
DA:21,1
DA:22,1
DA:23,1
DA:24,1
DA:25,1
DA:26,1
DA:33,1
DA:46,0
DA:47,0
DA:48,0
DA:54,2
DA:55,2
DA:56,0
DA:57,0
DA:61,0
DA:66,2
DA:70,0
DA:71,0
DA:73,0
DA:74,0
DA:76,0
DA:82,2
DA:83,2
DA:94,2
DA:98,0
DA:99,0
DA:101,0
DA:103,0
DA:107,0
DA:108,0
DA:110,0
DA:113,0
DA:114,0
DA:117,0
DA:120,0
DA:128,0
DA:129,0
DA:131,0
DA:132,0
DA:134,0
DA:138,0
DA:140,0
DA:141,0
DA:146,0
DA:147,0
DA:148,0
DA:150,0
DA:151,0
DA:153,0
DA:154,0
DA:155,0
DA:157,0
DA:158,0
DA:160,0
DA:161,0
DA:163,0
DA:165,0
DA:166,0
DA:168,0
DA:169,0
DA:171,0
DA:172,0
DA:175,0
DA:176,0
DA:178,0
DA:182,0
DA:183,0
DA:184,0
DA:185,0
DA:186,0
DA:188,0
DA:189,0
DA:190,0
DA:194,0
DA:195,0
DA:196,0
DA:198,0
DA:199,0
DA:200,0
DA:203,0
DA:204,0
DA:205,0
DA:208,0
DA:211,0
DA:215,0
DA:216,0
DA:217,0
DA:219,0
DA:221,0
DA:222,0
DA:224,0
DA:225,0
DA:227,0
DA:228,0
DA:230,0
DA:231,0
DA:233,0
DA:234,0
DA:235,0
DA:237,0
DA:240,0
DA:244,0
DA:245,0
DA:246,0
DA:248,0
DA:253,0
DA:254,0
DA:255,0
DA:256,0
DA:257,0
DA:264,0
DA:268,0
DA:269,0
DA:274,0
DA:275,0
DA:276,0
DA:278,0
DA:279,0
DA:281,0
DA:286,2
DA:290,0
DA:294,0
DA:295,0
DA:299,0
DA:302,0
DA:304,0
DA:305,0
DA:306,0
DA:307,0
DA:308,0
DA:309,0
DA:312,0
DA:313,0
DA:315,0
DA:317,0
DA:318,0
DA:319,0
DA:320,0
DA:324,0
DA:325,0
DA:327,0
DA:328,0
DA:329,0
DA:330,0
DA:336,0
DA:340,1
DA:341,0
DA:342,0
DA:345,0
DA:347,0
DA:349,0
DA:352,1
LF:164
LH:28
BRDA:20,0,0,1
BRDA:20,0,1,1
BRDA:21,1,0,1
BRDA:21,1,1,1
BRDA:22,2,0,1
BRDA:22,2,1,1
BRDA:23,3,0,1
BRDA:23,3,1,1
BRDA:24,4,0,1
BRDA:24,4,1,1
BRDA:25,5,0,1
BRDA:25,5,1,1
BRDA:26,6,0,1
BRDA:26,6,1,1
BRDA:70,7,0,0
BRDA:70,7,1,0
BRDA:98,8,0,0
BRDA:98,8,1,0
BRDA:131,9,0,0
BRDA:131,9,1,0
BRDA:131,10,0,0
BRDA:131,10,1,0
BRDA:148,11,0,0
BRDA:148,11,1,0
BRDA:148,11,2,0
BRDA:148,11,3,0
BRDA:148,11,4,0
BRDA:148,11,5,0
BRDA:148,11,6,0
BRDA:148,11,7,0
BRDA:148,11,8,0
BRDA:184,12,0,0
BRDA:184,12,1,0
BRDA:194,13,0,0
BRDA:194,13,1,0
BRDA:203,14,0,0
BRDA:203,14,1,0
BRDA:215,15,0,0
BRDA:215,15,1,0
BRDA:216,16,0,0
BRDA:216,16,1,0
BRDA:221,17,0,0
BRDA:221,17,1,0
BRDA:221,18,0,0
BRDA:221,18,1,0
BRDA:221,18,2,0
BRDA:224,19,0,0
BRDA:224,19,1,0
BRDA:227,20,0,0
BRDA:227,20,1,0
BRDA:230,21,0,0
BRDA:230,21,1,0
BRDA:233,22,0,0
BRDA:233,22,1,0
BRDA:234,23,0,0
BRDA:234,23,1,0
BRDA:254,24,0,0
BRDA:254,24,1,0
BRDA:275,25,0,0
BRDA:275,25,1,0
BRDA:278,26,0,0
BRDA:278,26,1,0
BRDA:295,27,0,0
BRDA:295,27,1,0
BRDA:296,28,0,0
BRDA:296,28,1,0
BRDA:304,29,0,0
BRDA:304,29,1,0
BRDA:305,30,0,0
BRDA:305,30,1,0
BRDA:307,31,0,0
BRDA:307,31,1,0
BRDA:312,32,0,0
BRDA:312,32,1,0
BRDA:313,33,0,0
BRDA:313,33,1,0
BRDA:313,34,0,0
BRDA:313,34,1,0
BRDA:318,35,0,0
BRDA:318,35,1,0
BRDA:324,36,0,0
BRDA:324,36,1,0
BRDA:324,37,0,0
BRDA:324,37,1,0
BRDA:327,38,0,0
BRDA:327,38,1,0
BRDA:328,39,0,0
BRDA:328,39,1,0
BRDA:328,40,0,0
BRDA:328,40,1,0
BRDA:341,41,0,0
BRDA:341,41,1,0
BRDA:341,42,0,0
BRDA:341,42,1,0
BRF:94
BRH:14
end_of_record
